<?xml version="1.0" encoding="UTF-8"?>
<!-- Generated by org.testng.reporters.JUnitReportReporter -->
<testsuite hostname="WINDOWS-BED5AOG" name="testCAses.verifyLoginPage" tests="1" failures="0" timestamp="25 Jul 2018 01:45:58 GMT" time="26.067" errors="0">
  <testcase name="testPage" time="26.067" classname="testCAses.verifyLoginPage"/>
</testsuite> <!-- testCAses.verifyLoginPage -->
