<?xml version="1.0" encoding="UTF-8"?>
<!-- Generated by org.testng.reporters.JUnitReportReporter -->
<testsuite hostname="WINDOWS-BED5AOG" name="testCAses.verifyLoginPage2WithReports" tests="1" failures="0" timestamp="25 Jul 2018 02:03:48 GMT" time="25.537" errors="0">
  <testcase name="testPage" time="25.537" classname="testCAses.verifyLoginPage2WithReports"/>
</testsuite> <!-- testCAses.verifyLoginPage2WithReports -->
