<?xml version="1.0" encoding="UTF-8"?>
<!-- Generated by org.testng.reporters.JUnitReportReporter -->
<testsuite hostname="WINDOWS-BED5AOG" name="testCAses.verifyHomePage" tests="1" failures="0" timestamp="25 Jul 2018 01:45:58 GMT" time="20.307" errors="0">
  <testcase name="testPage" time="20.307" classname="testCAses.verifyHomePage"/>
</testsuite> <!-- testCAses.verifyHomePage -->
